<?xml version="1.0" encoding="UTF-8"?>
<testsuite xmlns:xsi="http://www.w3.org/2001/XMLSchema-instance" xsi:noNamespaceSchemaLocation="https://maven.apache.org/surefire/maven-surefire-plugin/xsd/surefire-test-report.xsd" name="br.jus.jfsp.leitorpdf.AppTest" time="0.005" tests="1" errors="0" skipped="0" failures="0">
  <properties>
    <property name="awt.toolkit" value="sun.awt.X11.XToolkit"/>
    <property name="java.specification.version" value="12"/>
    <property name="sun.jnu.encoding" value="UTF-8"/>
    <property name="java.class.path" value="/home/rodrigo/Documents/workspace-spring-tool-suite-4-4.2.1.RELEASE/leitorpdf/target/test-classes:/home/rodrigo/Documents/workspace-spring-tool-suite-4-4.2.1.RELEASE/leitorpdf/target/classes:/home/rodrigo/.m2/repository/junit/junit/3.8.1/junit-3.8.1.jar:/home/rodrigo/.m2/repository/org/apache/tika/tika-parsers/1.22/tika-parsers-1.22.jar:/home/rodrigo/.m2/repository/org/apache/tika/tika-core/1.22/tika-core-1.22.jar:/home/rodrigo/.m2/repository/org/glassfish/jaxb/jaxb-runtime/2.3.2/jaxb-runtime-2.3.2.jar:/home/rodrigo/.m2/repository/jakarta/xml/bind/jakarta.xml.bind-api/2.3.2/jakarta.xml.bind-api-2.3.2.jar:/home/rodrigo/.m2/repository/org/glassfish/jaxb/txw2/2.3.2/txw2-2.3.2.jar:/home/rodrigo/.m2/repository/com/sun/istack/istack-commons-runtime/3.0.8/istack-commons-runtime-3.0.8.jar:/home/rodrigo/.m2/repository/org/jvnet/staxex/stax-ex/1.8.1/stax-ex-1.8.1.jar:/home/rodrigo/.m2/repository/com/sun/xml/fastinfoset/FastInfoset/1.2.16/FastInfoset-1.2.16.jar:/home/rodrigo/.m2/repository/com/sun/activation/jakarta.activation/1.2.1/jakarta.activation-1.2.1.jar:/home/rodrigo/.m2/repository/xerces/xercesImpl/2.12.0/xercesImpl-2.12.0.jar:/home/rodrigo/.m2/repository/xml-apis/xml-apis/1.4.01/xml-apis-1.4.01.jar:/home/rodrigo/.m2/repository/org/apache/commons/commons-lang3/3.7/commons-lang3-3.7.jar:/home/rodrigo/.m2/repository/javax/annotation/javax.annotation-api/1.3.2/javax.annotation-api-1.3.2.jar:/home/rodrigo/.m2/repository/org/gagravarr/vorbis-java-tika/0.8/vorbis-java-tika-0.8.jar:/home/rodrigo/.m2/repository/org/tallison/jmatio/1.5/jmatio-1.5.jar:/home/rodrigo/.m2/repository/org/apache/james/apache-mime4j-core/0.8.3/apache-mime4j-core-0.8.3.jar:/home/rodrigo/.m2/repository/org/apache/james/apache-mime4j-dom/0.8.3/apache-mime4j-dom-0.8.3.jar:/home/rodrigo/.m2/repository/org/apache/commons/commons-compress/1.18/commons-compress-1.18.jar:/home/rodrigo/.m2/repository/org/tukaani/xz/1.8/xz-1.8.jar:/home/rodrigo/.m2/repository/com/epam/parso/2.0.11/parso-2.0.11.jar:/home/rodrigo/.m2/repository/org/brotli/dec/0.1.2/dec-0.1.2.jar:/home/rodrigo/.m2/repository/commons-codec/commons-codec/1.11/commons-codec-1.11.jar:/home/rodrigo/.m2/repository/org/apache/pdfbox/pdfbox/2.0.16/pdfbox-2.0.16.jar:/home/rodrigo/.m2/repository/org/apache/pdfbox/fontbox/2.0.16/fontbox-2.0.16.jar:/home/rodrigo/.m2/repository/org/apache/pdfbox/pdfbox-tools/2.0.16/pdfbox-tools-2.0.16.jar:/home/rodrigo/.m2/repository/org/apache/pdfbox/jempbox/1.8.16/jempbox-1.8.16.jar:/home/rodrigo/.m2/repository/org/bouncycastle/bcmail-jdk15on/1.62/bcmail-jdk15on-1.62.jar:/home/rodrigo/.m2/repository/org/bouncycastle/bcpkix-jdk15on/1.62/bcpkix-jdk15on-1.62.jar:/home/rodrigo/.m2/repository/org/bouncycastle/bcprov-jdk15on/1.62/bcprov-jdk15on-1.62.jar:/home/rodrigo/.m2/repository/org/apache/poi/poi/4.0.1/poi-4.0.1.jar:/home/rodrigo/.m2/repository/org/apache/commons/commons-collections4/4.2/commons-collections4-4.2.jar:/home/rodrigo/.m2/repository/org/apache/commons/commons-math3/3.6.1/commons-math3-3.6.1.jar:/home/rodrigo/.m2/repository/org/apache/poi/poi-scratchpad/4.0.1/poi-scratchpad-4.0.1.jar:/home/rodrigo/.m2/repository/org/apache/poi/poi-ooxml/4.0.1/poi-ooxml-4.0.1.jar:/home/rodrigo/.m2/repository/org/apache/poi/poi-ooxml-schemas/4.0.1/poi-ooxml-schemas-4.0.1.jar:/home/rodrigo/.m2/repository/org/apache/xmlbeans/xmlbeans/3.0.2/xmlbeans-3.0.2.jar:/home/rodrigo/.m2/repository/com/github/virtuald/curvesapi/1.05/curvesapi-1.05.jar:/home/rodrigo/.m2/repository/com/healthmarketscience/jackcess/jackcess/3.0.1/jackcess-3.0.1.jar:/home/rodrigo/.m2/repository/com/healthmarketscience/jackcess/jackcess-encrypt/3.0.0/jackcess-encrypt-3.0.0.jar:/home/rodrigo/.m2/repository/org/ccil/cowan/tagsoup/tagsoup/1.2.1/tagsoup-1.2.1.jar:/home/rodrigo/.m2/repository/org/ow2/asm/asm/7.2-beta/asm-7.2-beta.jar:/home/rodrigo/.m2/repository/com/googlecode/mp4parser/isoparser/1.1.22/isoparser-1.1.22.jar:/home/rodrigo/.m2/repository/com/drewnoakes/metadata-extractor/2.11.0/metadata-extractor-2.11.0.jar:/home/rodrigo/.m2/repository/com/adobe/xmp/xmpcore/5.1.3/xmpcore-5.1.3.jar:/home/rodrigo/.m2/repository/de/l3s/boilerpipe/boilerpipe/1.1.0/boilerpipe-1.1.0.jar:/home/rodrigo/.m2/repository/com/rometools/rome/1.12.1/rome-1.12.1.jar:/home/rodrigo/.m2/repository/com/rometools/rome-utils/1.12.1/rome-utils-1.12.1.jar:/home/rodrigo/.m2/repository/org/gagravarr/vorbis-java-core/0.8/vorbis-java-core-0.8.jar:/home/rodrigo/.m2/repository/com/googlecode/juniversalchardet/juniversalchardet/1.0.3/juniversalchardet-1.0.3.jar:/home/rodrigo/.m2/repository/org/codelibs/jhighlight/1.0.3/jhighlight-1.0.3.jar:/home/rodrigo/.m2/repository/com/pff/java-libpst/0.8.1/java-libpst-0.8.1.jar:/home/rodrigo/.m2/repository/com/github/junrar/junrar/4.0.0/junrar-4.0.0.jar:/home/rodrigo/.m2/repository/org/apache/cxf/cxf-rt-rs-client/3.3.2/cxf-rt-rs-client-3.3.2.jar:/home/rodrigo/.m2/repository/org/apache/cxf/cxf-rt-transports-http/3.3.2/cxf-rt-transports-http-3.3.2.jar:/home/rodrigo/.m2/repository/org/apache/cxf/cxf-core/3.3.2/cxf-core-3.3.2.jar:/home/rodrigo/.m2/repository/com/fasterxml/woodstox/woodstox-core/5.0.3/woodstox-core-5.0.3.jar:/home/rodrigo/.m2/repository/org/codehaus/woodstox/stax2-api/3.1.4/stax2-api-3.1.4.jar:/home/rodrigo/.m2/repository/org/apache/ws/xmlschema/xmlschema-core/2.2.4/xmlschema-core-2.2.4.jar:/home/rodrigo/.m2/repository/org/glassfish/jaxb/jaxb-xjc/2.3.2/jaxb-xjc-2.3.2.jar:/home/rodrigo/.m2/repository/org/glassfish/jaxb/xsom/2.3.2/xsom-2.3.2.jar:/home/rodrigo/.m2/repository/org/glassfish/jaxb/codemodel/2.3.2/codemodel-2.3.2.jar:/home/rodrigo/.m2/repository/com/sun/xml/bind/external/rngom/2.3.2/rngom-2.3.2.jar:/home/rodrigo/.m2/repository/com/sun/xml/dtd-parser/dtd-parser/1.4.1/dtd-parser-1.4.1.jar:/home/rodrigo/.m2/repository/com/sun/istack/istack-commons-tools/3.0.8/istack-commons-tools-3.0.8.jar:/home/rodrigo/.m2/repository/org/apache/ant/ant/1.10.5/ant-1.10.5.jar:/home/rodrigo/.m2/repository/org/apache/ant/ant-launcher/1.10.5/ant-launcher-1.10.5.jar:/home/rodrigo/.m2/repository/com/sun/xml/bind/external/relaxng-datatype/2.3.2/relaxng-datatype-2.3.2.jar:/home/rodrigo/.m2/repository/org/apache/cxf/cxf-rt-frontend-jaxrs/3.3.2/cxf-rt-frontend-jaxrs-3.3.2.jar:/home/rodrigo/.m2/repository/jakarta/ws/rs/jakarta.ws.rs-api/2.1.5/jakarta.ws.rs-api-2.1.5.jar:/home/rodrigo/.m2/repository/org/apache/cxf/cxf-rt-security/3.3.2/cxf-rt-security-3.3.2.jar:/home/rodrigo/.m2/repository/javax/xml/ws/jaxws-api/2.3.0/jaxws-api-2.3.0.jar:/home/rodrigo/.m2/repository/javax/xml/soap/javax.xml.soap-api/1.4.0/javax.xml.soap-api-1.4.0.jar:/home/rodrigo/.m2/repository/com/sun/activation/javax.activation/1.2.0/javax.activation-1.2.0.jar:/home/rodrigo/.m2/repository/org/apache/geronimo/specs/geronimo-ws-metadata_2.0_spec/1.1.3/geronimo-ws-metadata_2.0_spec-1.1.3.jar:/home/rodrigo/.m2/repository/com/sun/xml/messaging/saaj/saaj-impl/1.4.0-b03/saaj-impl-1.4.0-b03.jar:/home/rodrigo/.m2/repository/org/jvnet/mimepull/mimepull/1.9.7/mimepull-1.9.7.jar:/home/rodrigo/.m2/repository/org/jacorb/jacorb-omgapi/3.7/jacorb-omgapi-3.7.jar:/home/rodrigo/.m2/repository/org/apache/geronimo/specs/geronimo-jta_1.1_spec/1.1.1/geronimo-jta_1.1_spec-1.1.1.jar:/home/rodrigo/.m2/repository/org/jboss/spec/javax/rmi/jboss-rmi-api_1.0_spec/1.0.6.Final/jboss-rmi-api_1.0_spec-1.0.6.Final.jar:/home/rodrigo/.m2/repository/org/apache/commons/commons-exec/1.3/commons-exec-1.3.jar:/home/rodrigo/.m2/repository/org/apache/opennlp/opennlp-tools/1.9.1/opennlp-tools-1.9.1.jar:/home/rodrigo/.m2/repository/commons-io/commons-io/2.6/commons-io-2.6.jar:/home/rodrigo/.m2/repository/com/googlecode/json-simple/json-simple/1.1.1/json-simple-1.1.1.jar:/home/rodrigo/.m2/repository/com/github/openjson/openjson/1.0.11/openjson-1.0.11.jar:/home/rodrigo/.m2/repository/com/google/code/gson/gson/2.8.5/gson-2.8.5.jar:/home/rodrigo/.m2/repository/org/slf4j/slf4j-api/1.7.25/slf4j-api-1.7.25.jar:/home/rodrigo/.m2/repository/org/slf4j/jul-to-slf4j/1.7.25/jul-to-slf4j-1.7.25.jar:/home/rodrigo/.m2/repository/org/slf4j/jcl-over-slf4j/1.7.25/jcl-over-slf4j-1.7.25.jar:/home/rodrigo/.m2/repository/edu/ucar/netcdf4/4.5.5/netcdf4-4.5.5.jar:/home/rodrigo/.m2/repository/net/jcip/jcip-annotations/1.0/jcip-annotations-1.0.jar:/home/rodrigo/.m2/repository/org/jdom/jdom2/2.0.6/jdom2-2.0.6.jar:/home/rodrigo/.m2/repository/com/google/guava/guava/28.0-jre/guava-28.0-jre.jar:/home/rodrigo/.m2/repository/com/google/guava/failureaccess/1.0.1/failureaccess-1.0.1.jar:/home/rodrigo/.m2/repository/com/google/guava/listenablefuture/9999.0-empty-to-avoid-conflict-with-guava/listenablefuture-9999.0-empty-to-avoid-conflict-with-guava.jar:/home/rodrigo/.m2/repository/com/google/code/findbugs/jsr305/3.0.2/jsr305-3.0.2.jar:/home/rodrigo/.m2/repository/org/checkerframework/checker-qual/2.8.1/checker-qual-2.8.1.jar:/home/rodrigo/.m2/repository/com/google/errorprone/error_prone_annotations/2.3.2/error_prone_annotations-2.3.2.jar:/home/rodrigo/.m2/repository/com/google/j2objc/j2objc-annotations/1.3/j2objc-annotations-1.3.jar:/home/rodrigo/.m2/repository/org/codehaus/mojo/animal-sniffer-annotations/1.17/animal-sniffer-annotations-1.17.jar:/home/rodrigo/.m2/repository/edu/ucar/grib/4.5.5/grib-4.5.5.jar:/home/rodrigo/.m2/repository/org/itadaki/bzip2/0.9.1/bzip2-0.9.1.jar:/home/rodrigo/.m2/repository/net/java/dev/jna/jna/4.5.1/jna-4.5.1.jar:/home/rodrigo/.m2/repository/org/jsoup/jsoup/1.12.1/jsoup-1.12.1.jar:/home/rodrigo/.m2/repository/com/google/protobuf/protobuf-java/3.9.0/protobuf-java-3.9.0.jar:/home/rodrigo/.m2/repository/edu/ucar/cdm/4.5.5/cdm-4.5.5.jar:/home/rodrigo/.m2/repository/edu/ucar/udunits/4.5.5/udunits-4.5.5.jar:/home/rodrigo/.m2/repository/joda-time/joda-time/2.9.9/joda-time-2.9.9.jar:/home/rodrigo/.m2/repository/org/quartz-scheduler/quartz/2.3.0/quartz-2.3.0.jar:/home/rodrigo/.m2/repository/net/sf/ehcache/ehcache-core/2.6.2/ehcache-core-2.6.2.jar:/home/rodrigo/.m2/repository/com/beust/jcommander/1.35/jcommander-1.35.jar:/home/rodrigo/.m2/repository/com/mchange/c3p0/0.9.5.4/c3p0-0.9.5.4.jar:/home/rodrigo/.m2/repository/com/mchange/mchange-commons-java/0.2.15/mchange-commons-java-0.2.15.jar:/home/rodrigo/.m2/repository/edu/ucar/httpservices/4.5.5/httpservices-4.5.5.jar:/home/rodrigo/.m2/repository/org/apache/httpcomponents/httpclient/4.5.5/httpclient-4.5.5.jar:/home/rodrigo/.m2/repository/org/apache/httpcomponents/httpcore/4.4.9/httpcore-4.4.9.jar:/home/rodrigo/.m2/repository/org/apache/httpcomponents/httpmime/4.5.5/httpmime-4.5.5.jar:/home/rodrigo/.m2/repository/org/apache/commons/commons-csv/1.7/commons-csv-1.7.jar:/home/rodrigo/.m2/repository/org/apache/sis/core/sis-utility/0.8/sis-utility-0.8.jar:/home/rodrigo/.m2/repository/javax/measure/unit-api/1.0/unit-api-1.0.jar:/home/rodrigo/.m2/repository/org/apache/sis/storage/sis-netcdf/0.8/sis-netcdf-0.8.jar:/home/rodrigo/.m2/repository/org/apache/sis/storage/sis-storage/0.8/sis-storage-0.8.jar:/home/rodrigo/.m2/repository/org/apache/sis/core/sis-feature/0.8/sis-feature-0.8.jar:/home/rodrigo/.m2/repository/org/apache/sis/core/sis-referencing/0.8/sis-referencing-0.8.jar:/home/rodrigo/.m2/repository/org/apache/sis/core/sis-metadata/0.8/sis-metadata-0.8.jar:/home/rodrigo/.m2/repository/org/opengis/geoapi/3.0.1/geoapi-3.0.1.jar:/home/rodrigo/.m2/repository/edu/usc/ir/sentiment-analysis-parser/0.1/sentiment-analysis-parser-0.1.jar:/home/rodrigo/.m2/repository/com/fasterxml/jackson/core/jackson-core/2.9.6/jackson-core-2.9.6.jar:/home/rodrigo/.m2/repository/com/fasterxml/jackson/core/jackson-databind/2.9.6/jackson-databind-2.9.6.jar:/home/rodrigo/.m2/repository/com/fasterxml/jackson/core/jackson-annotations/2.9.0/jackson-annotations-2.9.0.jar:/home/rodrigo/.m2/repository/org/apache/pdfbox/jbig2-imageio/3.0.2/jbig2-imageio-3.0.2.jar:/home/rodrigo/.m2/repository/com/github/jai-imageio/jai-imageio-core/1.4.0/jai-imageio-core-1.4.0.jar:/home/rodrigo/.m2/repository/org/springframework/boot/spring-boot-starter/2.0.3.RELEASE/spring-boot-starter-2.0.3.RELEASE.jar:/home/rodrigo/.m2/repository/org/springframework/boot/spring-boot/2.0.3.RELEASE/spring-boot-2.0.3.RELEASE.jar:/home/rodrigo/.m2/repository/org/springframework/spring-context/5.0.7.RELEASE/spring-context-5.0.7.RELEASE.jar:/home/rodrigo/.m2/repository/org/springframework/spring-aop/5.0.7.RELEASE/spring-aop-5.0.7.RELEASE.jar:/home/rodrigo/.m2/repository/org/springframework/spring-beans/5.0.7.RELEASE/spring-beans-5.0.7.RELEASE.jar:/home/rodrigo/.m2/repository/org/springframework/spring-expression/5.0.7.RELEASE/spring-expression-5.0.7.RELEASE.jar:/home/rodrigo/.m2/repository/org/springframework/boot/spring-boot-autoconfigure/2.0.3.RELEASE/spring-boot-autoconfigure-2.0.3.RELEASE.jar:/home/rodrigo/.m2/repository/org/springframework/boot/spring-boot-starter-logging/2.0.3.RELEASE/spring-boot-starter-logging-2.0.3.RELEASE.jar:/home/rodrigo/.m2/repository/ch/qos/logback/logback-classic/1.2.3/logback-classic-1.2.3.jar:/home/rodrigo/.m2/repository/ch/qos/logback/logback-core/1.2.3/logback-core-1.2.3.jar:/home/rodrigo/.m2/repository/org/apache/logging/log4j/log4j-to-slf4j/2.10.0/log4j-to-slf4j-2.10.0.jar:/home/rodrigo/.m2/repository/org/apache/logging/log4j/log4j-api/2.10.0/log4j-api-2.10.0.jar:/home/rodrigo/.m2/repository/org/springframework/spring-core/5.0.7.RELEASE/spring-core-5.0.7.RELEASE.jar:/home/rodrigo/.m2/repository/org/springframework/spring-jcl/5.0.7.RELEASE/spring-jcl-5.0.7.RELEASE.jar:/home/rodrigo/.m2/repository/org/yaml/snakeyaml/1.19/snakeyaml-1.19.jar:"/>
    <property name="java.vm.vendor" value="Oracle Corporation"/>
    <property name="sun.arch.data.model" value="64"/>
    <property name="java.vendor.url" value="https://java.oracle.com/"/>
    <property name="os.name" value="Linux"/>
    <property name="java.vm.specification.version" value="12"/>
    <property name="sun.java.launcher" value="SUN_STANDARD"/>
    <property name="user.country" value="BR"/>
    <property name="sun.boot.library.path" value="/usr/lib/jvm/jdk-12.0.1/lib"/>
    <property name="sun.java.command" value="/home/rodrigo/Documents/workspace-spring-tool-suite-4-4.2.1.RELEASE/leitorpdf/target/surefire/surefirebooter15685067557372518800.jar /home/rodrigo/Documents/workspace-spring-tool-suite-4-4.2.1.RELEASE/leitorpdf/target/surefire 2019-10-01T23-51-10_431-jvmRun1 surefire2400021042818748001tmp surefire_011596262998116758222tmp"/>
    <property name="jdk.debug" value="release"/>
    <property name="surefire.test.class.path" value="/home/rodrigo/Documents/workspace-spring-tool-suite-4-4.2.1.RELEASE/leitorpdf/target/test-classes:/home/rodrigo/Documents/workspace-spring-tool-suite-4-4.2.1.RELEASE/leitorpdf/target/classes:/home/rodrigo/.m2/repository/junit/junit/3.8.1/junit-3.8.1.jar:/home/rodrigo/.m2/repository/org/apache/tika/tika-parsers/1.22/tika-parsers-1.22.jar:/home/rodrigo/.m2/repository/org/apache/tika/tika-core/1.22/tika-core-1.22.jar:/home/rodrigo/.m2/repository/org/glassfish/jaxb/jaxb-runtime/2.3.2/jaxb-runtime-2.3.2.jar:/home/rodrigo/.m2/repository/jakarta/xml/bind/jakarta.xml.bind-api/2.3.2/jakarta.xml.bind-api-2.3.2.jar:/home/rodrigo/.m2/repository/org/glassfish/jaxb/txw2/2.3.2/txw2-2.3.2.jar:/home/rodrigo/.m2/repository/com/sun/istack/istack-commons-runtime/3.0.8/istack-commons-runtime-3.0.8.jar:/home/rodrigo/.m2/repository/org/jvnet/staxex/stax-ex/1.8.1/stax-ex-1.8.1.jar:/home/rodrigo/.m2/repository/com/sun/xml/fastinfoset/FastInfoset/1.2.16/FastInfoset-1.2.16.jar:/home/rodrigo/.m2/repository/com/sun/activation/jakarta.activation/1.2.1/jakarta.activation-1.2.1.jar:/home/rodrigo/.m2/repository/xerces/xercesImpl/2.12.0/xercesImpl-2.12.0.jar:/home/rodrigo/.m2/repository/xml-apis/xml-apis/1.4.01/xml-apis-1.4.01.jar:/home/rodrigo/.m2/repository/org/apache/commons/commons-lang3/3.7/commons-lang3-3.7.jar:/home/rodrigo/.m2/repository/javax/annotation/javax.annotation-api/1.3.2/javax.annotation-api-1.3.2.jar:/home/rodrigo/.m2/repository/org/gagravarr/vorbis-java-tika/0.8/vorbis-java-tika-0.8.jar:/home/rodrigo/.m2/repository/org/tallison/jmatio/1.5/jmatio-1.5.jar:/home/rodrigo/.m2/repository/org/apache/james/apache-mime4j-core/0.8.3/apache-mime4j-core-0.8.3.jar:/home/rodrigo/.m2/repository/org/apache/james/apache-mime4j-dom/0.8.3/apache-mime4j-dom-0.8.3.jar:/home/rodrigo/.m2/repository/org/apache/commons/commons-compress/1.18/commons-compress-1.18.jar:/home/rodrigo/.m2/repository/org/tukaani/xz/1.8/xz-1.8.jar:/home/rodrigo/.m2/repository/com/epam/parso/2.0.11/parso-2.0.11.jar:/home/rodrigo/.m2/repository/org/brotli/dec/0.1.2/dec-0.1.2.jar:/home/rodrigo/.m2/repository/commons-codec/commons-codec/1.11/commons-codec-1.11.jar:/home/rodrigo/.m2/repository/org/apache/pdfbox/pdfbox/2.0.16/pdfbox-2.0.16.jar:/home/rodrigo/.m2/repository/org/apache/pdfbox/fontbox/2.0.16/fontbox-2.0.16.jar:/home/rodrigo/.m2/repository/org/apache/pdfbox/pdfbox-tools/2.0.16/pdfbox-tools-2.0.16.jar:/home/rodrigo/.m2/repository/org/apache/pdfbox/jempbox/1.8.16/jempbox-1.8.16.jar:/home/rodrigo/.m2/repository/org/bouncycastle/bcmail-jdk15on/1.62/bcmail-jdk15on-1.62.jar:/home/rodrigo/.m2/repository/org/bouncycastle/bcpkix-jdk15on/1.62/bcpkix-jdk15on-1.62.jar:/home/rodrigo/.m2/repository/org/bouncycastle/bcprov-jdk15on/1.62/bcprov-jdk15on-1.62.jar:/home/rodrigo/.m2/repository/org/apache/poi/poi/4.0.1/poi-4.0.1.jar:/home/rodrigo/.m2/repository/org/apache/commons/commons-collections4/4.2/commons-collections4-4.2.jar:/home/rodrigo/.m2/repository/org/apache/commons/commons-math3/3.6.1/commons-math3-3.6.1.jar:/home/rodrigo/.m2/repository/org/apache/poi/poi-scratchpad/4.0.1/poi-scratchpad-4.0.1.jar:/home/rodrigo/.m2/repository/org/apache/poi/poi-ooxml/4.0.1/poi-ooxml-4.0.1.jar:/home/rodrigo/.m2/repository/org/apache/poi/poi-ooxml-schemas/4.0.1/poi-ooxml-schemas-4.0.1.jar:/home/rodrigo/.m2/repository/org/apache/xmlbeans/xmlbeans/3.0.2/xmlbeans-3.0.2.jar:/home/rodrigo/.m2/repository/com/github/virtuald/curvesapi/1.05/curvesapi-1.05.jar:/home/rodrigo/.m2/repository/com/healthmarketscience/jackcess/jackcess/3.0.1/jackcess-3.0.1.jar:/home/rodrigo/.m2/repository/com/healthmarketscience/jackcess/jackcess-encrypt/3.0.0/jackcess-encrypt-3.0.0.jar:/home/rodrigo/.m2/repository/org/ccil/cowan/tagsoup/tagsoup/1.2.1/tagsoup-1.2.1.jar:/home/rodrigo/.m2/repository/org/ow2/asm/asm/7.2-beta/asm-7.2-beta.jar:/home/rodrigo/.m2/repository/com/googlecode/mp4parser/isoparser/1.1.22/isoparser-1.1.22.jar:/home/rodrigo/.m2/repository/com/drewnoakes/metadata-extractor/2.11.0/metadata-extractor-2.11.0.jar:/home/rodrigo/.m2/repository/com/adobe/xmp/xmpcore/5.1.3/xmpcore-5.1.3.jar:/home/rodrigo/.m2/repository/de/l3s/boilerpipe/boilerpipe/1.1.0/boilerpipe-1.1.0.jar:/home/rodrigo/.m2/repository/com/rometools/rome/1.12.1/rome-1.12.1.jar:/home/rodrigo/.m2/repository/com/rometools/rome-utils/1.12.1/rome-utils-1.12.1.jar:/home/rodrigo/.m2/repository/org/gagravarr/vorbis-java-core/0.8/vorbis-java-core-0.8.jar:/home/rodrigo/.m2/repository/com/googlecode/juniversalchardet/juniversalchardet/1.0.3/juniversalchardet-1.0.3.jar:/home/rodrigo/.m2/repository/org/codelibs/jhighlight/1.0.3/jhighlight-1.0.3.jar:/home/rodrigo/.m2/repository/com/pff/java-libpst/0.8.1/java-libpst-0.8.1.jar:/home/rodrigo/.m2/repository/com/github/junrar/junrar/4.0.0/junrar-4.0.0.jar:/home/rodrigo/.m2/repository/org/apache/cxf/cxf-rt-rs-client/3.3.2/cxf-rt-rs-client-3.3.2.jar:/home/rodrigo/.m2/repository/org/apache/cxf/cxf-rt-transports-http/3.3.2/cxf-rt-transports-http-3.3.2.jar:/home/rodrigo/.m2/repository/org/apache/cxf/cxf-core/3.3.2/cxf-core-3.3.2.jar:/home/rodrigo/.m2/repository/com/fasterxml/woodstox/woodstox-core/5.0.3/woodstox-core-5.0.3.jar:/home/rodrigo/.m2/repository/org/codehaus/woodstox/stax2-api/3.1.4/stax2-api-3.1.4.jar:/home/rodrigo/.m2/repository/org/apache/ws/xmlschema/xmlschema-core/2.2.4/xmlschema-core-2.2.4.jar:/home/rodrigo/.m2/repository/org/glassfish/jaxb/jaxb-xjc/2.3.2/jaxb-xjc-2.3.2.jar:/home/rodrigo/.m2/repository/org/glassfish/jaxb/xsom/2.3.2/xsom-2.3.2.jar:/home/rodrigo/.m2/repository/org/glassfish/jaxb/codemodel/2.3.2/codemodel-2.3.2.jar:/home/rodrigo/.m2/repository/com/sun/xml/bind/external/rngom/2.3.2/rngom-2.3.2.jar:/home/rodrigo/.m2/repository/com/sun/xml/dtd-parser/dtd-parser/1.4.1/dtd-parser-1.4.1.jar:/home/rodrigo/.m2/repository/com/sun/istack/istack-commons-tools/3.0.8/istack-commons-tools-3.0.8.jar:/home/rodrigo/.m2/repository/org/apache/ant/ant/1.10.5/ant-1.10.5.jar:/home/rodrigo/.m2/repository/org/apache/ant/ant-launcher/1.10.5/ant-launcher-1.10.5.jar:/home/rodrigo/.m2/repository/com/sun/xml/bind/external/relaxng-datatype/2.3.2/relaxng-datatype-2.3.2.jar:/home/rodrigo/.m2/repository/org/apache/cxf/cxf-rt-frontend-jaxrs/3.3.2/cxf-rt-frontend-jaxrs-3.3.2.jar:/home/rodrigo/.m2/repository/jakarta/ws/rs/jakarta.ws.rs-api/2.1.5/jakarta.ws.rs-api-2.1.5.jar:/home/rodrigo/.m2/repository/org/apache/cxf/cxf-rt-security/3.3.2/cxf-rt-security-3.3.2.jar:/home/rodrigo/.m2/repository/javax/xml/ws/jaxws-api/2.3.0/jaxws-api-2.3.0.jar:/home/rodrigo/.m2/repository/javax/xml/soap/javax.xml.soap-api/1.4.0/javax.xml.soap-api-1.4.0.jar:/home/rodrigo/.m2/repository/com/sun/activation/javax.activation/1.2.0/javax.activation-1.2.0.jar:/home/rodrigo/.m2/repository/org/apache/geronimo/specs/geronimo-ws-metadata_2.0_spec/1.1.3/geronimo-ws-metadata_2.0_spec-1.1.3.jar:/home/rodrigo/.m2/repository/com/sun/xml/messaging/saaj/saaj-impl/1.4.0-b03/saaj-impl-1.4.0-b03.jar:/home/rodrigo/.m2/repository/org/jvnet/mimepull/mimepull/1.9.7/mimepull-1.9.7.jar:/home/rodrigo/.m2/repository/org/jacorb/jacorb-omgapi/3.7/jacorb-omgapi-3.7.jar:/home/rodrigo/.m2/repository/org/apache/geronimo/specs/geronimo-jta_1.1_spec/1.1.1/geronimo-jta_1.1_spec-1.1.1.jar:/home/rodrigo/.m2/repository/org/jboss/spec/javax/rmi/jboss-rmi-api_1.0_spec/1.0.6.Final/jboss-rmi-api_1.0_spec-1.0.6.Final.jar:/home/rodrigo/.m2/repository/org/apache/commons/commons-exec/1.3/commons-exec-1.3.jar:/home/rodrigo/.m2/repository/org/apache/opennlp/opennlp-tools/1.9.1/opennlp-tools-1.9.1.jar:/home/rodrigo/.m2/repository/commons-io/commons-io/2.6/commons-io-2.6.jar:/home/rodrigo/.m2/repository/com/googlecode/json-simple/json-simple/1.1.1/json-simple-1.1.1.jar:/home/rodrigo/.m2/repository/com/github/openjson/openjson/1.0.11/openjson-1.0.11.jar:/home/rodrigo/.m2/repository/com/google/code/gson/gson/2.8.5/gson-2.8.5.jar:/home/rodrigo/.m2/repository/org/slf4j/slf4j-api/1.7.25/slf4j-api-1.7.25.jar:/home/rodrigo/.m2/repository/org/slf4j/jul-to-slf4j/1.7.25/jul-to-slf4j-1.7.25.jar:/home/rodrigo/.m2/repository/org/slf4j/jcl-over-slf4j/1.7.25/jcl-over-slf4j-1.7.25.jar:/home/rodrigo/.m2/repository/edu/ucar/netcdf4/4.5.5/netcdf4-4.5.5.jar:/home/rodrigo/.m2/repository/net/jcip/jcip-annotations/1.0/jcip-annotations-1.0.jar:/home/rodrigo/.m2/repository/org/jdom/jdom2/2.0.6/jdom2-2.0.6.jar:/home/rodrigo/.m2/repository/com/google/guava/guava/28.0-jre/guava-28.0-jre.jar:/home/rodrigo/.m2/repository/com/google/guava/failureaccess/1.0.1/failureaccess-1.0.1.jar:/home/rodrigo/.m2/repository/com/google/guava/listenablefuture/9999.0-empty-to-avoid-conflict-with-guava/listenablefuture-9999.0-empty-to-avoid-conflict-with-guava.jar:/home/rodrigo/.m2/repository/com/google/code/findbugs/jsr305/3.0.2/jsr305-3.0.2.jar:/home/rodrigo/.m2/repository/org/checkerframework/checker-qual/2.8.1/checker-qual-2.8.1.jar:/home/rodrigo/.m2/repository/com/google/errorprone/error_prone_annotations/2.3.2/error_prone_annotations-2.3.2.jar:/home/rodrigo/.m2/repository/com/google/j2objc/j2objc-annotations/1.3/j2objc-annotations-1.3.jar:/home/rodrigo/.m2/repository/org/codehaus/mojo/animal-sniffer-annotations/1.17/animal-sniffer-annotations-1.17.jar:/home/rodrigo/.m2/repository/edu/ucar/grib/4.5.5/grib-4.5.5.jar:/home/rodrigo/.m2/repository/org/itadaki/bzip2/0.9.1/bzip2-0.9.1.jar:/home/rodrigo/.m2/repository/net/java/dev/jna/jna/4.5.1/jna-4.5.1.jar:/home/rodrigo/.m2/repository/org/jsoup/jsoup/1.12.1/jsoup-1.12.1.jar:/home/rodrigo/.m2/repository/com/google/protobuf/protobuf-java/3.9.0/protobuf-java-3.9.0.jar:/home/rodrigo/.m2/repository/edu/ucar/cdm/4.5.5/cdm-4.5.5.jar:/home/rodrigo/.m2/repository/edu/ucar/udunits/4.5.5/udunits-4.5.5.jar:/home/rodrigo/.m2/repository/joda-time/joda-time/2.9.9/joda-time-2.9.9.jar:/home/rodrigo/.m2/repository/org/quartz-scheduler/quartz/2.3.0/quartz-2.3.0.jar:/home/rodrigo/.m2/repository/net/sf/ehcache/ehcache-core/2.6.2/ehcache-core-2.6.2.jar:/home/rodrigo/.m2/repository/com/beust/jcommander/1.35/jcommander-1.35.jar:/home/rodrigo/.m2/repository/com/mchange/c3p0/0.9.5.4/c3p0-0.9.5.4.jar:/home/rodrigo/.m2/repository/com/mchange/mchange-commons-java/0.2.15/mchange-commons-java-0.2.15.jar:/home/rodrigo/.m2/repository/edu/ucar/httpservices/4.5.5/httpservices-4.5.5.jar:/home/rodrigo/.m2/repository/org/apache/httpcomponents/httpclient/4.5.5/httpclient-4.5.5.jar:/home/rodrigo/.m2/repository/org/apache/httpcomponents/httpcore/4.4.9/httpcore-4.4.9.jar:/home/rodrigo/.m2/repository/org/apache/httpcomponents/httpmime/4.5.5/httpmime-4.5.5.jar:/home/rodrigo/.m2/repository/org/apache/commons/commons-csv/1.7/commons-csv-1.7.jar:/home/rodrigo/.m2/repository/org/apache/sis/core/sis-utility/0.8/sis-utility-0.8.jar:/home/rodrigo/.m2/repository/javax/measure/unit-api/1.0/unit-api-1.0.jar:/home/rodrigo/.m2/repository/org/apache/sis/storage/sis-netcdf/0.8/sis-netcdf-0.8.jar:/home/rodrigo/.m2/repository/org/apache/sis/storage/sis-storage/0.8/sis-storage-0.8.jar:/home/rodrigo/.m2/repository/org/apache/sis/core/sis-feature/0.8/sis-feature-0.8.jar:/home/rodrigo/.m2/repository/org/apache/sis/core/sis-referencing/0.8/sis-referencing-0.8.jar:/home/rodrigo/.m2/repository/org/apache/sis/core/sis-metadata/0.8/sis-metadata-0.8.jar:/home/rodrigo/.m2/repository/org/opengis/geoapi/3.0.1/geoapi-3.0.1.jar:/home/rodrigo/.m2/repository/edu/usc/ir/sentiment-analysis-parser/0.1/sentiment-analysis-parser-0.1.jar:/home/rodrigo/.m2/repository/com/fasterxml/jackson/core/jackson-core/2.9.6/jackson-core-2.9.6.jar:/home/rodrigo/.m2/repository/com/fasterxml/jackson/core/jackson-databind/2.9.6/jackson-databind-2.9.6.jar:/home/rodrigo/.m2/repository/com/fasterxml/jackson/core/jackson-annotations/2.9.0/jackson-annotations-2.9.0.jar:/home/rodrigo/.m2/repository/org/apache/pdfbox/jbig2-imageio/3.0.2/jbig2-imageio-3.0.2.jar:/home/rodrigo/.m2/repository/com/github/jai-imageio/jai-imageio-core/1.4.0/jai-imageio-core-1.4.0.jar:/home/rodrigo/.m2/repository/org/springframework/boot/spring-boot-starter/2.0.3.RELEASE/spring-boot-starter-2.0.3.RELEASE.jar:/home/rodrigo/.m2/repository/org/springframework/boot/spring-boot/2.0.3.RELEASE/spring-boot-2.0.3.RELEASE.jar:/home/rodrigo/.m2/repository/org/springframework/spring-context/5.0.7.RELEASE/spring-context-5.0.7.RELEASE.jar:/home/rodrigo/.m2/repository/org/springframework/spring-aop/5.0.7.RELEASE/spring-aop-5.0.7.RELEASE.jar:/home/rodrigo/.m2/repository/org/springframework/spring-beans/5.0.7.RELEASE/spring-beans-5.0.7.RELEASE.jar:/home/rodrigo/.m2/repository/org/springframework/spring-expression/5.0.7.RELEASE/spring-expression-5.0.7.RELEASE.jar:/home/rodrigo/.m2/repository/org/springframework/boot/spring-boot-autoconfigure/2.0.3.RELEASE/spring-boot-autoconfigure-2.0.3.RELEASE.jar:/home/rodrigo/.m2/repository/org/springframework/boot/spring-boot-starter-logging/2.0.3.RELEASE/spring-boot-starter-logging-2.0.3.RELEASE.jar:/home/rodrigo/.m2/repository/ch/qos/logback/logback-classic/1.2.3/logback-classic-1.2.3.jar:/home/rodrigo/.m2/repository/ch/qos/logback/logback-core/1.2.3/logback-core-1.2.3.jar:/home/rodrigo/.m2/repository/org/apache/logging/log4j/log4j-to-slf4j/2.10.0/log4j-to-slf4j-2.10.0.jar:/home/rodrigo/.m2/repository/org/apache/logging/log4j/log4j-api/2.10.0/log4j-api-2.10.0.jar:/home/rodrigo/.m2/repository/org/springframework/spring-core/5.0.7.RELEASE/spring-core-5.0.7.RELEASE.jar:/home/rodrigo/.m2/repository/org/springframework/spring-jcl/5.0.7.RELEASE/spring-jcl-5.0.7.RELEASE.jar:/home/rodrigo/.m2/repository/org/yaml/snakeyaml/1.19/snakeyaml-1.19.jar:"/>
    <property name="sun.cpu.endian" value="little"/>
    <property name="user.home" value="/home/rodrigo"/>
    <property name="user.language" value="pt"/>
    <property name="java.specification.vendor" value="Oracle Corporation"/>
    <property name="java.version.date" value="2019-04-16"/>
    <property name="java.home" value="/usr/lib/jvm/jdk-12.0.1"/>
    <property name="file.separator" value="/"/>
    <property name="style.color" value="always"/>
    <property name="basedir" value="/home/rodrigo/Documents/workspace-spring-tool-suite-4-4.2.1.RELEASE/leitorpdf"/>
    <property name="java.vm.compressedOopsMode" value="32-bit"/>
    <property name="line.separator" value="&#10;"/>
    <property name="java.vm.specification.vendor" value="Oracle Corporation"/>
    <property name="java.specification.name" value="Java Platform API Specification"/>
    <property name="java.awt.graphicsenv" value="sun.awt.X11GraphicsEnvironment"/>
    <property name="surefire.real.class.path" value="/home/rodrigo/Documents/workspace-spring-tool-suite-4-4.2.1.RELEASE/leitorpdf/target/surefire/surefirebooter15685067557372518800.jar"/>
    <property name="sun.management.compiler" value="HotSpot 64-Bit Tiered Compilers"/>
    <property name="java.runtime.version" value="12.0.1+12"/>
    <property name="user.name" value="rodrigo"/>
    <property name="path.separator" value=":"/>
    <property name="os.version" value="4.15.0-20-generic"/>
    <property name="java.runtime.name" value="Java(TM) SE Runtime Environment"/>
    <property name="file.encoding" value="UTF-8"/>
    <property name="java.vm.name" value="Java HotSpot(TM) 64-Bit Server VM"/>
    <property name="localRepository" value="/home/rodrigo/.m2/repository"/>
    <property name="java.vendor.url.bug" value="https://bugreport.java.com/bugreport/"/>
    <property name="java.io.tmpdir" value="/tmp"/>
    <property name="java.version" value="12.0.1"/>
    <property name="user.dir" value="/home/rodrigo/Documents/workspace-spring-tool-suite-4-4.2.1.RELEASE/leitorpdf"/>
    <property name="os.arch" value="amd64"/>
    <property name="java.vm.specification.name" value="Java Virtual Machine Specification"/>
    <property name="java.library.path" value="/usr/java/packages/lib:/usr/lib64:/lib64:/lib:/usr/lib"/>
    <property name="java.vm.info" value="mixed mode, sharing"/>
    <property name="java.vendor" value="Oracle Corporation"/>
    <property name="java.vm.version" value="12.0.1+12"/>
    <property name="sun.io.unicode.encoding" value="UnicodeLittle"/>
    <property name="java.class.version" value="56.0"/>
  </properties>
  <testcase name="testApp" classname="br.jus.jfsp.leitorpdf.AppTest" time="0.001"/>
</testsuite>